<?xml version="1.0" encoding="UTF-8"?>
<!-- Generated by org.testng.reporters.JUnitReportReporter -->
<testsuite hostname="DineshKumar-PC" failures="0" tests="2" name="HRM.hrm.HR_Administration" time="31.217" errors="0" timestamp="2024-06-20T17:01:40 IST" skipped="0">
  <testcase classname="HRM.hrm.HR_Administration" name="Login" time="22.267"/>
  <testcase classname="HRM.hrm.HR_Administration" name="Add_Employee" time="8.950"/>
</testsuite> <!-- HRM.hrm.HR_Administration -->
