<?xml version="1.0" encoding="UTF-8"?>
<!-- Generated by org.testng.reporters.JUnitReportReporter -->
<testsuite hostname="DineshKumar-PC" failures="0" tests="2" name="HRM.hrm.HR_Administration" time="28.431" errors="0" timestamp="2024-06-20T14:36:31 IST" skipped="0">
  <testcase classname="HRM.hrm.HR_Administration" name="Login" time="20.133"/>
  <testcase classname="HRM.hrm.HR_Administration" name="Add_Employee" time="8.298"/>
</testsuite> <!-- HRM.hrm.HR_Administration -->
